j1 is null
j2 is boolean.
j3 is number.
j4 is string.
j5 is array.
j6 is object.
/* block comments filterd! */[
    null,
    true,
    1233,
    "hello Use Json<X,wchar_t,X,X> then array will be saved as std::wstring.",
    [
        5,
        8,
        2,
        0,
        {
            "hello": "json"
        }
    ],
    {
        "array": [
            5,
            8,
            2,
            0,
            {
                "hello": "json"
            }
        ],
        "enjoy": "json",
        "hello": "json",
        "object": {
            "number": 1234
        }
    }
]//line comments filtered!
[null,true,1233,"hello Use Json<X,wchar_t,X,X> then array will be saved as std::wstring.",[5,8,2,0,{"hello":"json"}],{"a
rray":[5,8,2,0,{"hello":"json"}],"enjoy":"json","hello":"json","object":{"number":1234}}]
